# JRE version: OpenJDK Runtime Environment (11.0.10) (build 11.0.10+0-b96-7249189)
# Java VM: OpenJDK 64-Bit Server VM (11.0.10+0-b96-7249189, mixed mode, tiered, compressed oops, g1 gc, windows-amd64)
Heap:
 garbage-first heap   total 551936K, used 230203K [0x0000000080000000, 0x0000000100000000)
  region size 1024K, 63 young (64512K), 18 survivors (18432K)
 Metaspace       used 107477K, capacity 110277K, committed 110412K, reserved 1144832K
  class space    used 13716K, capacity 14801K, committed 14924K, reserved 1048576K
GC Heap History (20 events):
Event: 88.882 GC heap before
{Heap before GC invocations=50 (full 0):
 garbage-first heap   total 299008K, used 243936K [0x0000000080000000, 0x0000000100000000)
  region size 1024K, 100 young (102400K), 10 survivors (10240K)
 Metaspace       used 106684K, capacity 109461K, committed 109772K, reserved 1144832K
  class space    used 13681K, capacity 14733K, committed 14796K, reserved 1048576K
}
Event: 88.928 GC heap after
{Heap after GC invocations=51 (full 0):
 garbage-first heap   total 359424K, used 157324K [0x0000000080000000, 0x0000000100000000)
  region size 1024K, 11 young (11264K), 11 survivors (11264K)
 Metaspace       used 106684K, capacity 109461K, committed 109772K, reserved 1144832K
  class space    used 13681K, capacity 14733K, committed 14796K, reserved 1048576K
}
Event: 90.298 GC heap before
{Heap before GC invocations=51 (full 0):
 garbage-first heap   total 359424K, used 297612K [0x0000000080000000, 0x0000000100000000)
  region size 1024K, 148 young (151552K), 11 survivors (11264K)
 Metaspace       used 106739K, capacity 109526K, committed 109772K, reserved 1144832K
  class space    used 13684K, capacity 14733K, committed 14796K, reserved 1048576K
}
Event: 90.338 GC heap after
{Heap after GC invocations=52 (full 0):
 garbage-first heap   total 359424K, used 159185K [0x0000000080000000, 0x0000000100000000)
  region size 1024K, 11 young (11264K), 11 survivors (11264K)
 Metaspace       used 106739K, capacity 109526K, committed 109772K, reserved 1144832K
  class space    used 13684K, capacity 14733K, committed 14796K, reserved 1048576K
}
Event: 91.425 GC heap before
{Heap before GC invocations=52 (full 0):
 garbage-first heap   total 359424K, used 296401K [0x0000000080000000, 0x0000000100000000)
  region size 1024K, 145 young (148480K), 11 survivors (11264K)
 Metaspace       used 106753K, capacity 109526K, committed 109772K, reserved 1144832K
  class space    used 13684K, capacity 14733K, committed 14796K, reserved 1048576K
}
Event: 91.460 GC heap after
{Heap after GC invocations=53 (full 0):
 garbage-first heap   total 359424K, used 160688K [0x0000000080000000, 0x0000000100000000)
  region size 1024K, 12 young (12288K), 12 survivors (12288K)
 Metaspace       used 106753K, capacity 109526K, committed 109772K, reserved 1144832K
  class space    used 13684K, capacity 14733K, committed 14796K, reserved 1048576K
}
Event: 92.726 GC heap before
{Heap before GC invocations=53 (full 0):
 garbage-first heap   total 359424K, used 302000K [0x0000000080000000, 0x0000000100000000)
  region size 1024K, 150 young (153600K), 12 survivors (12288K)
 Metaspace       used 106789K, capacity 109534K, committed 109772K, reserved 1144832K
  class space    used 13686K, capacity 14736K, committed 14796K, reserved 1048576K
}
Event: 92.768 GC heap after
{Heap after GC invocations=54 (full 0):
 garbage-first heap   total 359424K, used 162828K [0x0000000080000000, 0x0000000100000000)
  region size 1024K, 9 young (9216K), 9 survivors (9216K)
 Metaspace       used 106789K, capacity 109534K, committed 109772K, reserved 1144832K
  class space    used 13686K, capacity 14736K, committed 14796K, reserved 1048576K
}
Event: 93.871 GC heap before
{Heap before GC invocations=54 (full 0):
 garbage-first heap   total 359424K, used 303116K [0x0000000080000000, 0x0000000100000000)
  region size 1024K, 146 young (149504K), 9 survivors (9216K)
 Metaspace       used 106803K, capacity 109534K, committed 109772K, reserved 1144832K
  class space    used 13686K, capacity 14736K, committed 14796K, reserved 1048576K
}
Event: 93.909 GC heap after
{Heap after GC invocations=55 (full 0):
 garbage-first heap   total 456704K, used 165218K [0x0000000080000000, 0x0000000100000000)
  region size 1024K, 11 young (11264K), 11 survivors (11264K)
 Metaspace       used 106803K, capacity 109534K, committed 109772K, reserved 1144832K
  class space    used 13686K, capacity 14736K, committed 14796K, reserved 1048576K
}
Event: 95.506 GC heap before
{Heap before GC invocations=55 (full 0):
 garbage-first heap   total 456704K, used 342370K [0x0000000080000000, 0x0000000100000000)
  region size 1024K, 184 young (188416K), 11 survivors (11264K)
 Metaspace       used 106854K, capacity 109599K, committed 109772K, reserved 1144832K
  class space    used 13686K, capacity 14736K, committed 14796K, reserved 1048576K
}
Event: 95.553 GC heap after
{Heap after GC invocations=56 (full 0):
 garbage-first heap   total 456704K, used 168393K [0x0000000080000000, 0x0000000100000000)
  region size 1024K, 14 young (14336K), 14 survivors (14336K)
 Metaspace       used 106854K, capacity 109599K, committed 109772K, reserved 1144832K
  class space    used 13686K, capacity 14736K, committed 14796K, reserved 1048576K
}
Event: 97.369 GC heap before
{Heap before GC invocations=56 (full 0):
 garbage-first heap   total 456704K, used 378313K [0x0000000080000000, 0x0000000100000000)
  region size 1024K, 218 young (223232K), 14 survivors (14336K)
 Metaspace       used 107161K, capacity 109937K, committed 110028K, reserved 1144832K
  class space    used 13709K, capacity 14792K, committed 14796K, reserved 1048576K
}
Event: 97.453 GC heap after
{Heap after GC invocations=57 (full 0):
 garbage-first heap   total 456704K, used 175628K [0x0000000080000000, 0x0000000100000000)
  region size 1024K, 21 young (21504K), 21 survivors (21504K)
 Metaspace       used 107161K, capacity 109937K, committed 110028K, reserved 1144832K
  class space    used 13709K, capacity 14792K, committed 14796K, reserved 1048576K
}
Event: 99.216 GC heap before
{Heap before GC invocations=57 (full 0):
 garbage-first heap   total 456704K, used 385548K [0x0000000080000000, 0x0000000100000000)
  region size 1024K, 226 young (231424K), 21 survivors (21504K)
 Metaspace       used 107183K, capacity 110005K, committed 110028K, reserved 1144832K
  class space    used 13709K, capacity 14793K, committed 14796K, reserved 1048576K
}
Event: 99.309 GC heap after
{Heap after GC invocations=58 (full 0):
 garbage-first heap   total 456704K, used 178867K [0x0000000080000000, 0x0000000100000000)
  region size 1024K, 17 young (17408K), 17 survivors (17408K)
 Metaspace       used 107183K, capacity 110005K, committed 110028K, reserved 1144832K
  class space    used 13709K, capacity 14793K, committed 14796K, reserved 1048576K
}
Event: 101.276 GC heap before
{Heap before GC invocations=58 (full 0):
 garbage-first heap   total 456704K, used 387763K [0x0000000080000000, 0x0000000100000000)
  region size 1024K, 221 young (226304K), 17 survivors (17408K)
 Metaspace       used 107347K, capacity 110165K, committed 110284K, reserved 1144832K
  class space    used 13713K, capacity 14796K, committed 14796K, reserved 1048576K
}
Event: 101.341 GC heap after
{Heap after GC invocations=59 (full 0):
 garbage-first heap   total 551936K, used 180959K [0x0000000080000000, 0x0000000100000000)
  region size 1024K, 14 young (14336K), 14 survivors (14336K)
 Metaspace       used 107347K, capacity 110165K, committed 110284K, reserved 1144832K
  class space    used 13713K, capacity 14796K, committed 14796K, reserved 1048576K
}
Event: 103.715 GC heap before
{Heap before GC invocations=59 (full 0):
 garbage-first heap   total 551936K, used 426719K [0x0000000080000000, 0x0000000100000000)
  region size 1024K, 253 young (259072K), 14 survivors (14336K)
 Metaspace       used 107471K, capacity 110276K, committed 110412K, reserved 1144832K
  class space    used 13716K, capacity 14801K, committed 14924K, reserved 1048576K
}
Event: 103.773 GC heap after
{Heap after GC invocations=60 (full 0):
 garbage-first heap   total 551936K, used 185147K [0x0000000080000000, 0x0000000100000000)
  region size 1024K, 18 young (18432K), 18 survivors (18432K)
 Metaspace       used 107471K, capacity 110276K, committed 110412K, reserved 1144832K
  class space    used 13716K, capacity 14801K, committed 14924K, reserved 1048576K
}

