# JRE version: OpenJDK Runtime Environment (11.0.10) (build 11.0.10+0-b96-7249189)
# Java VM: OpenJDK 64-Bit Server VM (11.0.10+0-b96-7249189, mixed mode, tiered, compressed oops, g1 gc, windows-amd64)
Heap:
 garbage-first heap   total 516096K, used 293791K [0x0000000080000000, 0x0000000100000000)
  region size 1024K, 64 young (65536K), 15 survivors (15360K)
 Metaspace       used 112793K, capacity 115849K, committed 115992K, reserved 1148928K
  class space    used 14457K, capacity 15618K, committed 15692K, reserved 1048576K
GC Heap History (20 events):
Event: 110.237 GC heap before
{Heap before GC invocations=46 (full 0):
 garbage-first heap   total 394240K, used 201341K [0x0000000080000000, 0x0000000100000000)
  region size 1024K, 19 young (19456K), 7 survivors (7168K)
 Metaspace       used 95025K, capacity 97483K, committed 97560K, reserved 1134592K
  class space    used 12469K, capacity 13346K, committed 13388K, reserved 1048576K
}
Event: 110.315 GC heap after
{Heap after GC invocations=47 (full 0):
 garbage-first heap   total 394240K, used 189279K [0x0000000080000000, 0x0000000100000000)
  region size 1024K, 2 young (2048K), 2 survivors (2048K)
 Metaspace       used 95025K, capacity 97483K, committed 97560K, reserved 1134592K
  class space    used 12469K, capacity 13346K, committed 13388K, reserved 1048576K
}
Event: 110.456 GC heap before
{Heap before GC invocations=47 (full 0):
 garbage-first heap   total 394240K, used 190303K [0x0000000080000000, 0x0000000100000000)
  region size 1024K, 4 young (4096K), 2 survivors (2048K)
 Metaspace       used 95027K, capacity 97483K, committed 97560K, reserved 1134592K
  class space    used 12469K, capacity 13346K, committed 13388K, reserved 1048576K
}
Event: 110.489 GC heap after
{Heap after GC invocations=48 (full 0):
 garbage-first heap   total 394240K, used 189476K [0x0000000080000000, 0x0000000100000000)
  region size 1024K, 3 young (3072K), 3 survivors (3072K)
 Metaspace       used 95027K, capacity 97483K, committed 97560K, reserved 1134592K
  class space    used 12469K, capacity 13346K, committed 13388K, reserved 1048576K
}
Event: 113.888 GC heap before
{Heap before GC invocations=49 (full 0):
 garbage-first heap   total 394240K, used 251940K [0x0000000080000000, 0x0000000100000000)
  region size 1024K, 54 young (55296K), 3 survivors (3072K)
 Metaspace       used 95569K, capacity 98133K, committed 98200K, reserved 1134592K
  class space    used 12523K, capacity 13451K, committed 13516K, reserved 1048576K
}
Event: 113.937 GC heap after
{Heap after GC invocations=50 (full 0):
 garbage-first heap   total 516096K, used 204964K [0x0000000080000000, 0x0000000100000000)
  region size 1024K, 7 young (7168K), 7 survivors (7168K)
 Metaspace       used 95569K, capacity 98133K, committed 98200K, reserved 1134592K
  class space    used 12523K, capacity 13451K, committed 13516K, reserved 1048576K
}
Event: 114.578 GC heap before
{Heap before GC invocations=50 (full 0):
 garbage-first heap   total 516096K, used 228516K [0x0000000080000000, 0x0000000100000000)
  region size 1024K, 25 young (25600K), 7 survivors (7168K)
 Metaspace       used 95707K, capacity 98290K, committed 98456K, reserved 1134592K
  class space    used 12540K, capacity 13458K, committed 13516K, reserved 1048576K
}
Event: 114.625 GC heap after
{Heap after GC invocations=51 (full 0):
 garbage-first heap   total 516096K, used 212876K [0x0000000080000000, 0x0000000100000000)
  region size 1024K, 4 young (4096K), 4 survivors (4096K)
 Metaspace       used 95707K, capacity 98290K, committed 98456K, reserved 1134592K
  class space    used 12540K, capacity 13458K, committed 13516K, reserved 1048576K
}
Event: 116.787 GC heap before
{Heap before GC invocations=51 (full 0):
 garbage-first heap   total 516096K, used 306060K [0x0000000080000000, 0x0000000100000000)
  region size 1024K, 83 young (84992K), 4 survivors (4096K)
 Metaspace       used 95877K, capacity 98431K, committed 98712K, reserved 1134592K
  class space    used 12544K, capacity 13462K, committed 13516K, reserved 1048576K
}
Event: 116.839 GC heap after
{Heap after GC invocations=52 (full 0):
 garbage-first heap   total 516096K, used 233623K [0x0000000080000000, 0x0000000100000000)
  region size 1024K, 11 young (11264K), 11 survivors (11264K)
 Metaspace       used 95877K, capacity 98431K, committed 98712K, reserved 1134592K
  class space    used 12544K, capacity 13462K, committed 13516K, reserved 1048576K
}
Event: 117.527 GC heap before
{Heap before GC invocations=52 (full 0):
 garbage-first heap   total 516096K, used 244887K [0x0000000080000000, 0x0000000100000000)
  region size 1024K, 23 young (23552K), 11 survivors (11264K)
 Metaspace       used 95970K, capacity 98560K, committed 98712K, reserved 1134592K
  class space    used 12554K, capacity 13479K, committed 13516K, reserved 1048576K
}
Event: 117.553 GC heap after
{Heap after GC invocations=53 (full 0):
 garbage-first heap   total 516096K, used 234688K [0x0000000080000000, 0x0000000100000000)
  region size 1024K, 2 young (2048K), 2 survivors (2048K)
 Metaspace       used 95970K, capacity 98560K, committed 98712K, reserved 1134592K
  class space    used 12554K, capacity 13479K, committed 13516K, reserved 1048576K
}
Event: 134.920 GC heap before
{Heap before GC invocations=54 (full 0):
 garbage-first heap   total 516096K, used 318656K [0x0000000080000000, 0x0000000100000000)
  region size 1024K, 72 young (73728K), 2 survivors (2048K)
 Metaspace       used 97526K, capacity 100224K, committed 100504K, reserved 1136640K
  class space    used 12735K, capacity 13726K, committed 13772K, reserved 1048576K
}
Event: 134.945 GC heap after
{Heap after GC invocations=55 (full 0):
 garbage-first heap   total 516096K, used 232363K [0x0000000080000000, 0x0000000100000000)
  region size 1024K, 5 young (5120K), 5 survivors (5120K)
 Metaspace       used 97526K, capacity 100224K, committed 100504K, reserved 1136640K
  class space    used 12735K, capacity 13726K, committed 13772K, reserved 1048576K
}
Event: 137.829 GC heap before
{Heap before GC invocations=55 (full 0):
 garbage-first heap   total 516096K, used 251819K [0x0000000080000000, 0x0000000100000000)
  region size 1024K, 25 young (25600K), 5 survivors (5120K)
 Metaspace       used 99287K, capacity 102024K, committed 102296K, reserved 1138688K
  class space    used 12971K, capacity 13986K, committed 14028K, reserved 1048576K
}
Event: 137.883 GC heap after
{Heap after GC invocations=56 (full 0):
 garbage-first heap   total 516096K, used 220182K [0x0000000080000000, 0x0000000100000000)
  region size 1024K, 4 young (4096K), 4 survivors (4096K)
 Metaspace       used 99287K, capacity 102024K, committed 102296K, reserved 1138688K
  class space    used 12971K, capacity 13986K, committed 14028K, reserved 1048576K
}
Event: 149.889 GC heap before
{Heap before GC invocations=56 (full 0):
 garbage-first heap   total 516096K, used 335894K [0x0000000080000000, 0x0000000100000000)
  region size 1024K, 109 young (111616K), 4 survivors (4096K)
 Metaspace       used 107328K, capacity 110140K, committed 110360K, reserved 1144832K
  class space    used 13865K, capacity 14900K, committed 14924K, reserved 1048576K
}
Event: 149.945 GC heap after
{Heap after GC invocations=57 (full 0):
 garbage-first heap   total 516096K, used 230292K [0x0000000080000000, 0x0000000100000000)
  region size 1024K, 10 young (10240K), 10 survivors (10240K)
 Metaspace       used 107328K, capacity 110140K, committed 110360K, reserved 1144832K
  class space    used 13865K, capacity 14900K, committed 14924K, reserved 1048576K
}
Event: 156.064 GC heap before
{Heap before GC invocations=57 (full 0):
 garbage-first heap   total 516096K, used 336788K [0x0000000080000000, 0x0000000100000000)
  region size 1024K, 115 young (117760K), 10 survivors (10240K)
 Metaspace       used 112451K, capacity 115548K, committed 115736K, reserved 1148928K
  class space    used 14446K, capacity 15610K, committed 15692K, reserved 1048576K
}
Event: 156.174 GC heap after
{Heap after GC invocations=58 (full 0):
 garbage-first heap   total 516096K, used 244639K [0x0000000080000000, 0x0000000100000000)
  region size 1024K, 15 young (15360K), 15 survivors (15360K)
 Metaspace       used 112451K, capacity 115548K, committed 115736K, reserved 1148928K
  class space    used 14446K, capacity 15610K, committed 15692K, reserved 1048576K
}

